0 silly argv { _: [ 'version' ], lernaVersion: '3.14.1', '$0': 'lerna' }
1 notice cli v3.14.1
2 verbose rootPath /Users/nartay/go/src/github.com/malikov0216/buildApp/lerna
3 info current version 1.0.1
4 silly isAnythingCommitted
5 verbose isAnythingCommitted 1
6 silly currentBranch
7 verbose currentBranch master
8 silly remoteBranchExists
9 silly isBehindUpstream
10 error Error: Command failed: git remote update
10 error fatal: unable to access 'https://github.com/malikov0216/lernaGitTest.git/': Could not resolve host: github.com
10 error error: Could not fetch origin
10 error
10 error Fetching origin
10 error
10 error     at makeError (/usr/local/lib/node_modules/lerna/node_modules/execa/index.js:174:9)
10 error     at Function.module.exports.sync (/usr/local/lib/node_modules/lerna/node_modules/execa/index.js:338:15)
10 error     at Object.execSync (/usr/local/lib/node_modules/lerna/node_modules/@lerna/child-process/index.js:23:16)
10 error     at updateRemote (/usr/local/lib/node_modules/lerna/node_modules/@lerna/version/lib/is-behind-upstream.js:26:16)
10 error     at isBehindUpstream (/usr/local/lib/node_modules/lerna/node_modules/@lerna/version/lib/is-behind-upstream.js:11:3)
10 error     at VersionCommand.initialize (/usr/local/lib/node_modules/lerna/node_modules/@lerna/version/index.js:152:9)
